<?xml version="1.0" encoding="UTF-8"?>
<!-- Generated by org.testng.reporters.JUnitXMLReporter -->
<testsuite hostname="DESKTOP-7IJ20C2" ignored="2" name="Test" tests="3" failures="0" timestamp="14 Feb 2018 08:15:18 GMT" time="0.669" errors="0">
  <testcase name="Test2" time="0.017" classname="demo.demo.H"/>
  <testcase name="Test3" time="0.004" classname="demo.demo.H"/>
  <testcase name="Test4" time="0.001" classname="demo.demo.I"/>
  <testcase name="@BeforeTest setupReport" time="0.0" classname="demo.demo.G">
    <ignored/>
  </testcase> <!-- @BeforeTest setupReport -->
  <testcase name="@AfterTest endReport" time="0.0" classname="demo.demo.G">
    <ignored/>
  </testcase> <!-- @AfterTest endReport -->
</testsuite> <!-- Test -->
