<?xml version="1.0" encoding="UTF-8"?>
<testng-results skipped="0" failed="0" ignored="2" total="5" passed="3">
  <reporter-output>
  </reporter-output>
  <suite name="Suite" duration-ms="669" started-at="2018-02-14T08:15:17Z" finished-at="2018-02-14T08:15:18Z">
    <groups>
    </groups>
    <test name="Test" duration-ms="669" started-at="2018-02-14T08:15:17Z" finished-at="2018-02-14T08:15:18Z">
      <class name="demo.demo.H">
        <test-method status="PASS" signature="setupReport()[pri:0, instance:demo.demo.H@3bfdc050]" name="setupReport" is-config="true" duration-ms="241" started-at="2018-02-14T13:45:17Z" finished-at="2018-02-14T13:45:17Z">
          <reporter-output>
          </reporter-output>
        </test-method> <!-- setupReport -->
        <test-method status="PASS" signature="Test2()[pri:2, instance:demo.demo.H@3bfdc050]" name="Test2" duration-ms="17" started-at="2018-02-14T13:45:17Z" finished-at="2018-02-14T13:45:17Z">
          <reporter-output>
          </reporter-output>
        </test-method> <!-- Test2 -->
        <test-method status="PASS" signature="getResult(org.testng.ITestResult)[pri:0, instance:demo.demo.H@3bfdc050]" name="getResult" is-config="true" duration-ms="3" started-at="2018-02-14T13:45:17Z" finished-at="2018-02-14T13:45:17Z">
          <params>
            <param index="0">
              <value>
                <![CDATA[[TestResult name=Test2 status=SUCCESS method=H.Test2()[pri:2, instance:demo.demo.H@3bfdc050] output={null}]]]>
              </value>
            </param>
          </params>
          <reporter-output>
          </reporter-output>
        </test-method> <!-- getResult -->
        <test-method status="PASS" signature="Test3()[pri:3, instance:demo.demo.H@3bfdc050]" name="Test3" duration-ms="4" started-at="2018-02-14T13:45:17Z" finished-at="2018-02-14T13:45:17Z">
          <reporter-output>
          </reporter-output>
        </test-method> <!-- Test3 -->
        <test-method status="PASS" signature="getResult(org.testng.ITestResult)[pri:0, instance:demo.demo.H@3bfdc050]" name="getResult" is-config="true" duration-ms="0" started-at="2018-02-14T13:45:17Z" finished-at="2018-02-14T13:45:17Z">
          <params>
            <param index="0">
              <value>
                <![CDATA[[TestResult name=Test3 status=SUCCESS method=H.Test3()[pri:3, instance:demo.demo.H@3bfdc050] output={null}]]]>
              </value>
            </param>
          </params>
          <reporter-output>
          </reporter-output>
        </test-method> <!-- getResult -->
        <test-method status="PASS" signature="endReport()[pri:0, instance:demo.demo.H@3bfdc050]" name="endReport" is-config="true" duration-ms="376" started-at="2018-02-14T13:45:17Z" finished-at="2018-02-14T13:45:18Z">
          <reporter-output>
          </reporter-output>
        </test-method> <!-- endReport -->
      </class> <!-- demo.demo.H -->
      <class name="demo.demo.I">
        <test-method status="PASS" signature="Test4()[pri:4, instance:demo.demo.I@1bce4f0a]" name="Test4" duration-ms="1" started-at="2018-02-14T13:45:17Z" finished-at="2018-02-14T13:45:17Z">
          <reporter-output>
          </reporter-output>
        </test-method> <!-- Test4 -->
        <test-method status="PASS" signature="getResult(org.testng.ITestResult)[pri:0, instance:demo.demo.I@1bce4f0a]" name="getResult" is-config="true" duration-ms="1" started-at="2018-02-14T13:45:17Z" finished-at="2018-02-14T13:45:17Z">
          <params>
            <param index="0">
              <value>
                <![CDATA[[TestResult name=Test4 status=SUCCESS method=I.Test4()[pri:4, instance:demo.demo.I@1bce4f0a] output={null}]]]>
              </value>
            </param>
          </params>
          <reporter-output>
          </reporter-output>
        </test-method> <!-- getResult -->
      </class> <!-- demo.demo.I -->
    </test> <!-- Test -->
  </suite> <!-- Suite -->
</testng-results>
